<?xml version="1.0" encoding="UTF-8"?>
<testng-results skipped="0" failed="0" ignored="0" total="1" passed="1">
  <reporter-output>
  </reporter-output>
  <suite name="Default suite" duration-ms="20665" started-at="2019-03-06T01:09:09Z" finished-at="2019-03-06T01:09:30Z">
    <groups>
    </groups>
    <test name="Default test" duration-ms="20665" started-at="2019-03-06T01:09:09Z" finished-at="2019-03-06T01:09:30Z">
      <class name="com.git.tests.TestPage">
        <test-method status="PASS" signature="beforeAllTestStart()[pri:0, instance:com.git.tests.TestPage@2a5ca609]" name="beforeAllTestStart" is-config="true" duration-ms="16" started-at="2019-03-05T20:09:09Z" finished-at="2019-03-05T20:09:09Z">
          <reporter-output>
          </reporter-output>
        </test-method> <!-- beforeAllTestStart -->
        <test-method status="PASS" signature="beforeEachTestStart()[pri:0, instance:com.git.tests.TestPage@2a5ca609]" name="beforeEachTestStart" is-config="true" duration-ms="4509" started-at="2019-03-05T20:09:09Z" finished-at="2019-03-05T20:09:14Z">
          <reporter-output>
          </reporter-output>
        </test-method> <!-- beforeEachTestStart -->
        <test-method status="PASS" signature="testpage()[pri:0, instance:com.git.tests.TestPage@2a5ca609]" name="testpage" duration-ms="8180" started-at="2019-03-05T20:09:14Z" finished-at="2019-03-05T20:09:22Z">
          <reporter-output>
          </reporter-output>
        </test-method> <!-- testpage -->
        <test-method status="PASS" signature="afterEachTestEnds(org.testng.ITestResult)[pri:0, instance:com.git.tests.TestPage@2a5ca609]" name="afterEachTestEnds" is-config="true" duration-ms="7942" started-at="2019-03-05T20:09:22Z" finished-at="2019-03-05T20:09:30Z">
          <params>
            <param index="0">
              <value>
                <![CDATA[[TestResult name=testpage status=SUCCESS method=TestPage.testpage()[pri:0, instance:com.git.tests.TestPage@2a5ca609] output={null}]]]>
              </value>
            </param>
          </params>
          <reporter-output>
          </reporter-output>
        </test-method> <!-- afterEachTestEnds -->
        <test-method status="PASS" signature="afterAllTestEnd()[pri:0, instance:com.git.tests.TestPage@2a5ca609]" name="afterAllTestEnd" is-config="true" duration-ms="0" started-at="2019-03-05T20:09:30Z" finished-at="2019-03-05T20:09:30Z">
          <reporter-output>
          </reporter-output>
        </test-method> <!-- afterAllTestEnd -->
      </class> <!-- com.git.tests.TestPage -->
    </test> <!-- Default test -->
  </suite> <!-- Default suite -->
</testng-results>
